<?xml version="1.0" encoding="UTF-8"?>
<!-- Generated by org.testng.reporters.JUnitReportReporter -->
<testsuite hostname="DESKTOP-JPO1NOA" failures="0" tests="1" name="com.training.sftestNG.Test_RandomScenarios" time="39.154" errors="0" timestamp="2024-10-27T14:09:52 PDT" skipped="0">
  <testcase classname="com.training.sftestNG.Test_RandomScenarios" name="TC36_BlockingAnEventInCalendar" time="39.154"/>
</testsuite> <!-- com.training.sftestNG.Test_RandomScenarios -->
