<?xml version="1.0" encoding="UTF-8"?>
<!-- Generated by org.testng.reporters.JUnitReportReporter -->
<testsuite hostname="DESKTOP-JPO1NOA" failures="0" tests="1" name="com.training.sftestNG.Test_Oppurtunities" time="26.694" errors="0" timestamp="2024-10-26T14:33:38 PDT" skipped="0">
  <testcase classname="com.training.sftestNG.Test_Oppurtunities" name="TC15_OppurtunitiesDropDown" time="26.694"/>
</testsuite> <!-- com.training.sftestNG.Test_Oppurtunities -->
